{"C:\\Users\\Dio Taufiq\\Documents\\hacktiv8\\p2-hck83\\IP-HCK83\\server\\app.js": {"path":"C:\\Users\\Dio Taufiq\\Documents\\hacktiv8\\p2-hck83\\IP-HCK83\\server\\app.js","statementMap":{"0":{"start":{"line":1,"column":16},"end":{"line":1,"column":34}},"1":{"start":{"line":2,"column":13},"end":{"line":2,"column":28}},"2":{"start":{"line":3,"column":15},"end":{"line":3,"column":32}},"3":{"start":{"line":4,"column":15},"end":{"line":4,"column":34}},"4":{"start":{"line":7,"column":0},"end":{"line":7,"column":16}},"5":{"start":{"line":9,"column":12},"end":{"line":9,"column":21}},"6":{"start":{"line":10,"column":13},"end":{"line":10,"column":37}},"7":{"start":{"line":13,"column":0},"end":{"line":13,"column":16}},"8":{"start":{"line":16,"column":0},"end":{"line":22,"column":3}},"9":{"start":{"line":17,"column":2},"end":{"line":21,"column":3}},"10":{"start":{"line":18,"column":4},"end":{"line":18,"column":11}},"11":{"start":{"line":20,"column":4},"end":{"line":20,"column":35}},"12":{"start":{"line":24,"column":0},"end":{"line":24,"column":48}},"13":{"start":{"line":27,"column":0},"end":{"line":27,"column":16}},"14":{"start":{"line":30,"column":0},"end":{"line":109,"column":3}},"15":{"start":{"line":31,"column":2},"end":{"line":31,"column":39}},"16":{"start":{"line":34,"column":2},"end":{"line":42,"column":3}},"17":{"start":{"line":35,"column":19},"end":{"line":37,"column":6}},"18":{"start":{"line":36,"column":6},"end":{"line":36,"column":50}},"19":{"start":{"line":38,"column":4},"end":{"line":41,"column":7}},"20":{"start":{"line":45,"column":2},"end":{"line":56,"column":3}},"21":{"start":{"line":46,"column":18},"end":{"line":46,"column":48}},"22":{"start":{"line":47,"column":18},"end":{"line":47,"column":84}},"23":{"start":{"line":49,"column":4},"end":{"line":51,"column":5}},"24":{"start":{"line":50,"column":6},"end":{"line":50,"column":43}},"25":{"start":{"line":53,"column":4},"end":{"line":55,"column":7}},"26":{"start":{"line":59,"column":2},"end":{"line":63,"column":3}},"27":{"start":{"line":60,"column":4},"end":{"line":62,"column":7}},"28":{"start":{"line":66,"column":2},"end":{"line":70,"column":3}},"29":{"start":{"line":67,"column":4},"end":{"line":69,"column":7}},"30":{"start":{"line":73,"column":2},"end":{"line":77,"column":3}},"31":{"start":{"line":74,"column":4},"end":{"line":76,"column":7}},"32":{"start":{"line":79,"column":2},"end":{"line":83,"column":3}},"33":{"start":{"line":80,"column":4},"end":{"line":82,"column":7}},"34":{"start":{"line":86,"column":2},"end":{"line":90,"column":3}},"35":{"start":{"line":87,"column":4},"end":{"line":89,"column":7}},"36":{"start":{"line":93,"column":2},"end":{"line":97,"column":3}},"37":{"start":{"line":94,"column":4},"end":{"line":96,"column":7}},"38":{"start":{"line":99,"column":2},"end":{"line":103,"column":3}},"39":{"start":{"line":100,"column":4},"end":{"line":102,"column":7}},"40":{"start":{"line":106,"column":2},"end":{"line":108,"column":5}},"41":{"start":{"line":115,"column":0},"end":{"line":115,"column":21}}},"fnMap":{"0":{"name":"(anonymous_0)","decl":{"start":{"line":16,"column":8},"end":{"line":16,"column":9}},"loc":{"start":{"line":16,"column":28},"end":{"line":22,"column":1}},"line":16},"1":{"name":"(anonymous_1)","decl":{"start":{"line":30,"column":8},"end":{"line":30,"column":9}},"loc":{"start":{"line":30,"column":33},"end":{"line":109,"column":1}},"line":30},"2":{"name":"(anonymous_2)","decl":{"start":{"line":35,"column":34},"end":{"line":35,"column":35}},"loc":{"start":{"line":35,"column":43},"end":{"line":37,"column":5}},"line":35}},"branchMap":{"0":{"loc":{"start":{"line":10,"column":13},"end":{"line":10,"column":37}},"type":"binary-expr","locations":[{"start":{"line":10,"column":13},"end":{"line":10,"column":29}},{"start":{"line":10,"column":33},"end":{"line":10,"column":37}}],"line":10},"1":{"loc":{"start":{"line":17,"column":2},"end":{"line":21,"column":3}},"type":"if","locations":[{"start":{"line":17,"column":2},"end":{"line":21,"column":3}},{"start":{"line":19,"column":9},"end":{"line":21,"column":3}}],"line":17},"2":{"loc":{"start":{"line":34,"column":2},"end":{"line":42,"column":3}},"type":"if","locations":[{"start":{"line":34,"column":2},"end":{"line":42,"column":3}},{"start":{},"end":{}}],"line":34},"3":{"loc":{"start":{"line":45,"column":2},"end":{"line":56,"column":3}},"type":"if","locations":[{"start":{"line":45,"column":2},"end":{"line":56,"column":3}},{"start":{},"end":{}}],"line":45},"4":{"loc":{"start":{"line":46,"column":18},"end":{"line":46,"column":48}},"type":"binary-expr","locations":[{"start":{"line":46,"column":18},"end":{"line":46,"column":37}},{"start":{"line":46,"column":41},"end":{"line":46,"column":48}}],"line":46},"5":{"loc":{"start":{"line":49,"column":4},"end":{"line":51,"column":5}},"type":"if","locations":[{"start":{"line":49,"column":4},"end":{"line":51,"column":5}},{"start":{},"end":{}}],"line":49},"6":{"loc":{"start":{"line":59,"column":2},"end":{"line":63,"column":3}},"type":"if","locations":[{"start":{"line":59,"column":2},"end":{"line":63,"column":3}},{"start":{},"end":{}}],"line":59},"7":{"loc":{"start":{"line":66,"column":2},"end":{"line":70,"column":3}},"type":"if","locations":[{"start":{"line":66,"column":2},"end":{"line":70,"column":3}},{"start":{},"end":{}}],"line":66},"8":{"loc":{"start":{"line":73,"column":2},"end":{"line":77,"column":3}},"type":"if","locations":[{"start":{"line":73,"column":2},"end":{"line":77,"column":3}},{"start":{},"end":{}}],"line":73},"9":{"loc":{"start":{"line":79,"column":2},"end":{"line":83,"column":3}},"type":"if","locations":[{"start":{"line":79,"column":2},"end":{"line":83,"column":3}},{"start":{},"end":{}}],"line":79},"10":{"loc":{"start":{"line":86,"column":2},"end":{"line":90,"column":3}},"type":"if","locations":[{"start":{"line":86,"column":2},"end":{"line":90,"column":3}},{"start":{},"end":{}}],"line":86},"11":{"loc":{"start":{"line":88,"column":15},"end":{"line":88,"column":49}},"type":"binary-expr","locations":[{"start":{"line":88,"column":15},"end":{"line":88,"column":26}},{"start":{"line":88,"column":30},"end":{"line":88,"column":49}}],"line":88},"12":{"loc":{"start":{"line":93,"column":2},"end":{"line":97,"column":3}},"type":"if","locations":[{"start":{"line":93,"column":2},"end":{"line":97,"column":3}},{"start":{},"end":{}}],"line":93},"13":{"loc":{"start":{"line":99,"column":2},"end":{"line":103,"column":3}},"type":"if","locations":[{"start":{"line":99,"column":2},"end":{"line":103,"column":3}},{"start":{},"end":{}}],"line":99},"14":{"loc":{"start":{"line":107,"column":13},"end":{"line":107,"column":51}},"type":"binary-expr","locations":[{"start":{"line":107,"column":13},"end":{"line":107,"column":24}},{"start":{"line":107,"column":28},"end":{"line":107,"column":51}}],"line":107}},"s":{"0":4,"1":4,"2":4,"3":4,"4":4,"5":4,"6":4,"7":4,"8":4,"9":9,"10":0,"11":9,"12":4,"13":4,"14":4,"15":6,"16":6,"17":1,"18":2,"19":1,"20":5,"21":1,"22":1,"23":1,"24":1,"25":1,"26":4,"27":0,"28":4,"29":0,"30":4,"31":0,"32":4,"33":0,"34":4,"35":4,"36":0,"37":0,"38":0,"39":0,"40":0,"41":4},"f":{"0":9,"1":6,"2":2},"b":{"0":[4,0],"1":[0,9],"2":[1,5],"3":[1,4],"4":[1,0],"5":[1,0],"6":[0,4],"7":[0,4],"8":[0,4],"9":[0,4],"10":[4,0],"11":[4,0],"12":[0,0],"13":[0,0],"14":[0,0]},"_coverageSchema":"1a1c01bbd47fc00a2c39e90264f33305004495a9","hash":"7f555aee22067a2f443e4e0cef77ce2b94cf253e"}
,"C:\\Users\\Dio Taufiq\\Documents\\hacktiv8\\p2-hck83\\IP-HCK83\\server\\config\\stripe.js": {"path":"C:\\Users\\Dio Taufiq\\Documents\\hacktiv8\\p2-hck83\\IP-HCK83\\server\\config\\stripe.js","statementMap":{"0":{"start":{"line":1,"column":15},"end":{"line":1,"column":63}},"1":{"start":{"line":3,"column":0},"end":{"line":3,"column":24}}},"fnMap":{},"branchMap":{},"s":{"0":4,"1":4},"f":{},"b":{},"_coverageSchema":"1a1c01bbd47fc00a2c39e90264f33305004495a9","hash":"2f815a51646cc4baea6e65bca4c81c7d963bbb05"}
,"C:\\Users\\Dio Taufiq\\Documents\\hacktiv8\\p2-hck83\\IP-HCK83\\server\\controllers\\aiController.js": {"path":"C:\\Users\\Dio Taufiq\\Documents\\hacktiv8\\p2-hck83\\IP-HCK83\\server\\controllers\\aiController.js","statementMap":{"0":{"start":{"line":1,"column":26},"end":{"line":1,"column":46}},"1":{"start":{"line":2,"column":15},"end":{"line":2,"column":35}},"2":{"start":{"line":3,"column":15},"end":{"line":3,"column":32}},"3":{"start":{"line":4,"column":0},"end":{"line":4,"column":16}},"4":{"start":{"line":5,"column":29},"end":{"line":5,"column":53}},"5":{"start":{"line":6,"column":28},"end":{"line":6,"column":56}},"6":{"start":{"line":7,"column":30},"end":{"line":7,"column":63}},"7":{"start":{"line":8,"column":11},"end":{"line":10,"column":2}},"8":{"start":{"line":15,"column":4},"end":{"line":126,"column":5}},"9":{"start":{"line":16,"column":38},"end":{"line":16,"column":46}},"10":{"start":{"line":19,"column":6},"end":{"line":23,"column":7}},"11":{"start":{"line":20,"column":8},"end":{"line":22,"column":11}},"12":{"start":{"line":25,"column":26},"end":{"line":25,"column":40}},"13":{"start":{"line":28,"column":20},"end":{"line":30,"column":7}},"14":{"start":{"line":33,"column":6},"end":{"line":35,"column":7}},"15":{"start":{"line":34,"column":8},"end":{"line":34,"column":63}},"16":{"start":{"line":38,"column":6},"end":{"line":46,"column":7}},"17":{"start":{"line":39,"column":25},"end":{"line":41,"column":10}},"18":{"start":{"line":43,"column":8},"end":{"line":45,"column":9}},"19":{"start":{"line":44,"column":10},"end":{"line":44,"column":41}},"20":{"start":{"line":49,"column":6},"end":{"line":51,"column":7}},"21":{"start":{"line":50,"column":8},"end":{"line":50,"column":61}},"22":{"start":{"line":54,"column":19},"end":{"line":58,"column":8}},"23":{"start":{"line":61,"column":6},"end":{"line":66,"column":7}},"24":{"start":{"line":62,"column":8},"end":{"line":65,"column":11}},"25":{"start":{"line":69,"column":23},"end":{"line":74,"column":9}},"26":{"start":{"line":69,"column":40},"end":{"line":74,"column":7}},"27":{"start":{"line":76,"column":21},"end":{"line":82,"column":32}},"28":{"start":{"line":78,"column":30},"end":{"line":78,"column":122}},"29":{"start":{"line":84,"column":6},"end":{"line":84,"column":66}},"30":{"start":{"line":85,"column":6},"end":{"line":85,"column":48}},"31":{"start":{"line":88,"column":23},"end":{"line":88,"column":52}},"32":{"start":{"line":90,"column":6},"end":{"line":98,"column":7}},"33":{"start":{"line":91,"column":8},"end":{"line":91,"column":44}},"34":{"start":{"line":92,"column":8},"end":{"line":92,"column":52}},"35":{"start":{"line":94,"column":8},"end":{"line":94,"column":59}},"36":{"start":{"line":96,"column":8},"end":{"line":96,"column":63}},"37":{"start":{"line":96,"column":55},"end":{"line":96,"column":61}},"38":{"start":{"line":97,"column":8},"end":{"line":97,"column":61}},"39":{"start":{"line":101,"column":6},"end":{"line":104,"column":7}},"40":{"start":{"line":102,"column":8},"end":{"line":102,"column":63}},"41":{"start":{"line":102,"column":55},"end":{"line":102,"column":61}},"42":{"start":{"line":103,"column":8},"end":{"line":103,"column":78}},"43":{"start":{"line":106,"column":23},"end":{"line":111,"column":8}},"44":{"start":{"line":114,"column":6},"end":{"line":122,"column":9}},"45":{"start":{"line":116,"column":48},"end":{"line":121,"column":9}},"46":{"start":{"line":124,"column":6},"end":{"line":124,"column":56}},"47":{"start":{"line":125,"column":6},"end":{"line":125,"column":16}},"48":{"start":{"line":130,"column":0},"end":{"line":130,"column":30}}},"fnMap":{"0":{"name":"(anonymous_0)","decl":{"start":{"line":14,"column":2},"end":{"line":14,"column":3}},"loc":{"start":{"line":14,"column":49},"end":{"line":127,"column":3}},"line":14},"1":{"name":"(anonymous_1)","decl":{"start":{"line":69,"column":32},"end":{"line":69,"column":33}},"loc":{"start":{"line":69,"column":40},"end":{"line":74,"column":7}},"line":69},"2":{"name":"(anonymous_2)","decl":{"start":{"line":78,"column":21},"end":{"line":78,"column":22}},"loc":{"start":{"line":78,"column":30},"end":{"line":78,"column":122}},"line":78},"3":{"name":"(anonymous_3)","decl":{"start":{"line":96,"column":48},"end":{"line":96,"column":49}},"loc":{"start":{"line":96,"column":55},"end":{"line":96,"column":61}},"line":96},"4":{"name":"(anonymous_4)","decl":{"start":{"line":102,"column":48},"end":{"line":102,"column":49}},"loc":{"start":{"line":102,"column":55},"end":{"line":102,"column":61}},"line":102},"5":{"name":"(anonymous_5)","decl":{"start":{"line":116,"column":38},"end":{"line":116,"column":39}},"loc":{"start":{"line":116,"column":48},"end":{"line":121,"column":9}},"line":116}},"branchMap":{"0":{"loc":{"start":{"line":19,"column":6},"end":{"line":23,"column":7}},"type":"if","locations":[{"start":{"line":19,"column":6},"end":{"line":23,"column":7}},{"start":{},"end":{}}],"line":19},"1":{"loc":{"start":{"line":19,"column":10},"end":{"line":19,"column":65}},"type":"binary-expr","locations":[{"start":{"line":19,"column":10},"end":{"line":19,"column":17}},{"start":{"line":19,"column":21},"end":{"line":19,"column":42}},{"start":{"line":19,"column":46},"end":{"line":19,"column":65}}],"line":19},"2":{"loc":{"start":{"line":33,"column":6},"end":{"line":35,"column":7}},"type":"if","locations":[{"start":{"line":33,"column":6},"end":{"line":35,"column":7}},{"start":{},"end":{}}],"line":33},"3":{"loc":{"start":{"line":33,"column":10},"end":{"line":33,"column":42}},"type":"binary-expr","locations":[{"start":{"line":33,"column":10},"end":{"line":33,"column":21}},{"start":{"line":33,"column":25},"end":{"line":33,"column":42}}],"line":33},"4":{"loc":{"start":{"line":38,"column":6},"end":{"line":46,"column":7}},"type":"if","locations":[{"start":{"line":38,"column":6},"end":{"line":46,"column":7}},{"start":{},"end":{}}],"line":38},"5":{"loc":{"start":{"line":38,"column":10},"end":{"line":38,"column":45}},"type":"binary-expr","locations":[{"start":{"line":38,"column":10},"end":{"line":38,"column":21}},{"start":{"line":38,"column":25},"end":{"line":38,"column":45}}],"line":38},"6":{"loc":{"start":{"line":43,"column":8},"end":{"line":45,"column":9}},"type":"if","locations":[{"start":{"line":43,"column":8},"end":{"line":45,"column":9}},{"start":{},"end":{}}],"line":43},"7":{"loc":{"start":{"line":49,"column":6},"end":{"line":51,"column":7}},"type":"if","locations":[{"start":{"line":49,"column":6},"end":{"line":51,"column":7}},{"start":{},"end":{}}],"line":49},"8":{"loc":{"start":{"line":49,"column":10},"end":{"line":49,"column":41}},"type":"binary-expr","locations":[{"start":{"line":49,"column":10},"end":{"line":49,"column":21}},{"start":{"line":49,"column":25},"end":{"line":49,"column":41}}],"line":49},"9":{"loc":{"start":{"line":61,"column":6},"end":{"line":66,"column":7}},"type":"if","locations":[{"start":{"line":61,"column":6},"end":{"line":66,"column":7}},{"start":{},"end":{}}],"line":61},"10":{"loc":{"start":{"line":101,"column":6},"end":{"line":104,"column":7}},"type":"if","locations":[{"start":{"line":101,"column":6},"end":{"line":104,"column":7}},{"start":{},"end":{}}],"line":101},"11":{"loc":{"start":{"line":101,"column":10},"end":{"line":101,"column":47}},"type":"binary-expr","locations":[{"start":{"line":101,"column":10},"end":{"line":101,"column":23}},{"start":{"line":101,"column":27},"end":{"line":101,"column":47}}],"line":101},"12":{"loc":{"start":{"line":120,"column":107},"end":{"line":120,"column":276}},"type":"cond-expr","locations":[{"start":{"line":120,"column":122},"end":{"line":120,"column":270}},{"start":{"line":120,"column":273},"end":{"line":120,"column":276}}],"line":120},"13":{"loc":{"start":{"line":120,"column":159},"end":{"line":120,"column":268}},"type":"cond-expr","locations":[{"start":{"line":120,"column":189},"end":{"line":120,"column":263}},{"start":{"line":120,"column":266},"end":{"line":120,"column":268}}],"line":120},"14":{"loc":{"start":{"line":120,"column":216},"end":{"line":120,"column":262}},"type":"cond-expr","locations":[{"start":{"line":120,"column":242},"end":{"line":120,"column":257}},{"start":{"line":120,"column":260},"end":{"line":120,"column":262}}],"line":120}},"s":{"0":4,"1":4,"2":4,"3":4,"4":4,"5":4,"6":4,"7":4,"8":0,"9":0,"10":0,"11":0,"12":0,"13":0,"14":0,"15":0,"16":0,"17":0,"18":0,"19":0,"20":0,"21":0,"22":0,"23":0,"24":0,"25":0,"26":0,"27":0,"28":0,"29":0,"30":0,"31":0,"32":0,"33":0,"34":0,"35":0,"36":0,"37":0,"38":0,"39":0,"40":0,"41":0,"42":0,"43":0,"44":0,"45":0,"46":0,"47":0,"48":4},"f":{"0":0,"1":0,"2":0,"3":0,"4":0,"5":0},"b":{"0":[0,0],"1":[0,0,0],"2":[0,0],"3":[0,0],"4":[0,0],"5":[0,0],"6":[0,0],"7":[0,0],"8":[0,0],"9":[0,0],"10":[0,0],"11":[0,0],"12":[0,0],"13":[0,0],"14":[0,0]},"_coverageSchema":"1a1c01bbd47fc00a2c39e90264f33305004495a9","hash":"7135dc76adc5d91e32a10fd57fe2543280b2d767"}
,"C:\\Users\\Dio Taufiq\\Documents\\hacktiv8\\p2-hck83\\IP-HCK83\\server\\controllers\\carController.js": {"path":"C:\\Users\\Dio Taufiq\\Documents\\hacktiv8\\p2-hck83\\IP-HCK83\\server\\controllers\\carController.js","statementMap":{"0":{"start":{"line":2,"column":32},"end":{"line":2,"column":52}},"1":{"start":{"line":3,"column":26},"end":{"line":3,"column":47}},"2":{"start":{"line":4,"column":0},"end":{"line":4,"column":27}},"3":{"start":{"line":5,"column":0},"end":{"line":9,"column":2}},"4":{"start":{"line":14,"column":4},"end":{"line":25,"column":5}},"5":{"start":{"line":15,"column":19},"end":{"line":20,"column":8}},"6":{"start":{"line":22,"column":6},"end":{"line":22,"column":33}},"7":{"start":{"line":24,"column":6},"end":{"line":24,"column":16}},"8":{"start":{"line":29,"column":4},"end":{"line":46,"column":5}},"9":{"start":{"line":30,"column":24},"end":{"line":30,"column":34}},"10":{"start":{"line":32,"column":18},"end":{"line":37,"column":8}},"11":{"start":{"line":39,"column":6},"end":{"line":41,"column":7}},"12":{"start":{"line":40,"column":8},"end":{"line":40,"column":56}},"13":{"start":{"line":43,"column":6},"end":{"line":43,"column":32}},"14":{"start":{"line":45,"column":6},"end":{"line":45,"column":16}},"15":{"start":{"line":50,"column":4},"end":{"line":69,"column":5}},"16":{"start":{"line":51,"column":101},"end":{"line":51,"column":109}},"17":{"start":{"line":53,"column":18},"end":{"line":64,"column":8}},"18":{"start":{"line":66,"column":6},"end":{"line":66,"column":32}},"19":{"start":{"line":68,"column":6},"end":{"line":68,"column":16}},"20":{"start":{"line":73,"column":4},"end":{"line":97,"column":5}},"21":{"start":{"line":74,"column":24},"end":{"line":74,"column":34}},"22":{"start":{"line":75,"column":101},"end":{"line":75,"column":109}},"23":{"start":{"line":77,"column":18},"end":{"line":77,"column":43}},"24":{"start":{"line":78,"column":6},"end":{"line":80,"column":7}},"25":{"start":{"line":79,"column":8},"end":{"line":79,"column":56}},"26":{"start":{"line":82,"column":6},"end":{"line":92,"column":9}},"27":{"start":{"line":94,"column":6},"end":{"line":94,"column":32}},"28":{"start":{"line":96,"column":6},"end":{"line":96,"column":16}},"29":{"start":{"line":101,"column":4},"end":{"line":114,"column":5}},"30":{"start":{"line":102,"column":24},"end":{"line":102,"column":34}},"31":{"start":{"line":104,"column":18},"end":{"line":104,"column":43}},"32":{"start":{"line":105,"column":6},"end":{"line":107,"column":7}},"33":{"start":{"line":106,"column":8},"end":{"line":106,"column":56}},"34":{"start":{"line":109,"column":6},"end":{"line":109,"column":50}},"35":{"start":{"line":111,"column":6},"end":{"line":111,"column":68}},"36":{"start":{"line":113,"column":6},"end":{"line":113,"column":16}},"37":{"start":{"line":117,"column":4},"end":{"line":160,"column":5}},"38":{"start":{"line":118,"column":6},"end":{"line":126,"column":9}},"39":{"start":{"line":128,"column":24},"end":{"line":128,"column":34}},"40":{"start":{"line":129,"column":6},"end":{"line":132,"column":7}},"41":{"start":{"line":130,"column":8},"end":{"line":130,"column":51}},"42":{"start":{"line":131,"column":8},"end":{"line":131,"column":65}},"43":{"start":{"line":134,"column":25},"end":{"line":134,"column":59}},"44":{"start":{"line":135,"column":22},"end":{"line":135,"column":70}},"45":{"start":{"line":137,"column":27},"end":{"line":140,"column":8}},"46":{"start":{"line":142,"column":18},"end":{"line":142,"column":43}},"47":{"start":{"line":143,"column":6},"end":{"line":145,"column":7}},"48":{"start":{"line":144,"column":8},"end":{"line":144,"column":56}},"49":{"start":{"line":147,"column":6},"end":{"line":147,"column":45}},"50":{"start":{"line":148,"column":6},"end":{"line":148,"column":23}},"51":{"start":{"line":150,"column":6},"end":{"line":153,"column":9}},"52":{"start":{"line":156,"column":6},"end":{"line":158,"column":7}},"53":{"start":{"line":157,"column":10},"end":{"line":157,"column":94}},"54":{"start":{"line":159,"column":6},"end":{"line":159,"column":16}},"55":{"start":{"line":164,"column":0},"end":{"line":164,"column":31}}},"fnMap":{"0":{"name":"(anonymous_0)","decl":{"start":{"line":13,"column":2},"end":{"line":13,"column":3}},"loc":{"start":{"line":13,"column":42},"end":{"line":26,"column":3}},"line":13},"1":{"name":"(anonymous_1)","decl":{"start":{"line":28,"column":2},"end":{"line":28,"column":3}},"loc":{"start":{"line":28,"column":42},"end":{"line":47,"column":3}},"line":28},"2":{"name":"(anonymous_2)","decl":{"start":{"line":49,"column":2},"end":{"line":49,"column":3}},"loc":{"start":{"line":49,"column":41},"end":{"line":70,"column":3}},"line":49},"3":{"name":"(anonymous_3)","decl":{"start":{"line":72,"column":2},"end":{"line":72,"column":3}},"loc":{"start":{"line":72,"column":41},"end":{"line":98,"column":3}},"line":72},"4":{"name":"(anonymous_4)","decl":{"start":{"line":100,"column":2},"end":{"line":100,"column":3}},"loc":{"start":{"line":100,"column":41},"end":{"line":115,"column":3}},"line":100},"5":{"name":"(anonymous_5)","decl":{"start":{"line":116,"column":2},"end":{"line":116,"column":3}},"loc":{"start":{"line":116,"column":43},"end":{"line":161,"column":3}},"line":116}},"branchMap":{"0":{"loc":{"start":{"line":39,"column":6},"end":{"line":41,"column":7}},"type":"if","locations":[{"start":{"line":39,"column":6},"end":{"line":41,"column":7}},{"start":{},"end":{}}],"line":39},"1":{"loc":{"start":{"line":78,"column":6},"end":{"line":80,"column":7}},"type":"if","locations":[{"start":{"line":78,"column":6},"end":{"line":80,"column":7}},{"start":{},"end":{}}],"line":78},"2":{"loc":{"start":{"line":105,"column":6},"end":{"line":107,"column":7}},"type":"if","locations":[{"start":{"line":105,"column":6},"end":{"line":107,"column":7}},{"start":{},"end":{}}],"line":105},"3":{"loc":{"start":{"line":121,"column":18},"end":{"line":125,"column":16}},"type":"cond-expr","locations":[{"start":{"line":121,"column":29},"end":{"line":125,"column":9}},{"start":{"line":125,"column":12},"end":{"line":125,"column":16}}],"line":121},"4":{"loc":{"start":{"line":129,"column":6},"end":{"line":132,"column":7}},"type":"if","locations":[{"start":{"line":129,"column":6},"end":{"line":132,"column":7}},{"start":{},"end":{}}],"line":129},"5":{"loc":{"start":{"line":143,"column":6},"end":{"line":145,"column":7}},"type":"if","locations":[{"start":{"line":143,"column":6},"end":{"line":145,"column":7}},{"start":{},"end":{}}],"line":143},"6":{"loc":{"start":{"line":156,"column":6},"end":{"line":158,"column":7}},"type":"if","locations":[{"start":{"line":156,"column":6},"end":{"line":158,"column":7}},{"start":{},"end":{}}],"line":156},"7":{"loc":{"start":{"line":156,"column":10},"end":{"line":156,"column":38}},"type":"binary-expr","locations":[{"start":{"line":156,"column":10},"end":{"line":156,"column":23}},{"start":{"line":156,"column":27},"end":{"line":156,"column":38}}],"line":156}},"s":{"0":4,"1":4,"2":4,"3":4,"4":0,"5":0,"6":0,"7":0,"8":0,"9":0,"10":0,"11":0,"12":0,"13":0,"14":0,"15":0,"16":0,"17":0,"18":0,"19":0,"20":0,"21":0,"22":0,"23":0,"24":0,"25":0,"26":0,"27":0,"28":0,"29":0,"30":0,"31":0,"32":0,"33":0,"34":0,"35":0,"36":0,"37":0,"38":0,"39":0,"40":0,"41":0,"42":0,"43":0,"44":0,"45":0,"46":0,"47":0,"48":0,"49":0,"50":0,"51":0,"52":0,"53":0,"54":0,"55":4},"f":{"0":0,"1":0,"2":0,"3":0,"4":0,"5":0},"b":{"0":[0,0],"1":[0,0],"2":[0,0],"3":[0,0],"4":[0,0],"5":[0,0],"6":[0,0],"7":[0,0]},"_coverageSchema":"1a1c01bbd47fc00a2c39e90264f33305004495a9","hash":"6fa63b8a32ec4ed160679e0d40c0cbe72fafe95c"}
,"C:\\Users\\Dio Taufiq\\Documents\\hacktiv8\\p2-hck83\\IP-HCK83\\server\\controllers\\categoryController.js": {"path":"C:\\Users\\Dio Taufiq\\Documents\\hacktiv8\\p2-hck83\\IP-HCK83\\server\\controllers\\categoryController.js","statementMap":{"0":{"start":{"line":1,"column":21},"end":{"line":1,"column":41}},"1":{"start":{"line":5,"column":4},"end":{"line":10,"column":5}},"2":{"start":{"line":6,"column":25},"end":{"line":6,"column":49}},"3":{"start":{"line":7,"column":6},"end":{"line":7,"column":39}},"4":{"start":{"line":9,"column":6},"end":{"line":9,"column":16}},"5":{"start":{"line":14,"column":4},"end":{"line":25,"column":5}},"6":{"start":{"line":15,"column":21},"end":{"line":15,"column":31}},"7":{"start":{"line":17,"column":23},"end":{"line":17,"column":50}},"8":{"start":{"line":18,"column":6},"end":{"line":20,"column":7}},"9":{"start":{"line":19,"column":8},"end":{"line":19,"column":61}},"10":{"start":{"line":22,"column":6},"end":{"line":22,"column":37}},"11":{"start":{"line":24,"column":6},"end":{"line":24,"column":16}},"12":{"start":{"line":29,"column":4},"end":{"line":37,"column":5}},"13":{"start":{"line":30,"column":23},"end":{"line":30,"column":31}},"14":{"start":{"line":32,"column":23},"end":{"line":32,"column":54}},"15":{"start":{"line":34,"column":6},"end":{"line":34,"column":37}},"16":{"start":{"line":36,"column":6},"end":{"line":36,"column":16}},"17":{"start":{"line":41,"column":4},"end":{"line":55,"column":5}},"18":{"start":{"line":42,"column":21},"end":{"line":42,"column":31}},"19":{"start":{"line":43,"column":23},"end":{"line":43,"column":31}},"20":{"start":{"line":45,"column":23},"end":{"line":45,"column":50}},"21":{"start":{"line":46,"column":6},"end":{"line":48,"column":7}},"22":{"start":{"line":47,"column":8},"end":{"line":47,"column":61}},"23":{"start":{"line":50,"column":6},"end":{"line":50,"column":57}},"24":{"start":{"line":52,"column":6},"end":{"line":52,"column":73}},"25":{"start":{"line":54,"column":6},"end":{"line":54,"column":16}},"26":{"start":{"line":59,"column":4},"end":{"line":72,"column":5}},"27":{"start":{"line":60,"column":21},"end":{"line":60,"column":31}},"28":{"start":{"line":62,"column":23},"end":{"line":62,"column":50}},"29":{"start":{"line":63,"column":6},"end":{"line":65,"column":7}},"30":{"start":{"line":64,"column":8},"end":{"line":64,"column":61}},"31":{"start":{"line":67,"column":6},"end":{"line":67,"column":48}},"32":{"start":{"line":69,"column":6},"end":{"line":69,"column":73}},"33":{"start":{"line":71,"column":6},"end":{"line":71,"column":16}},"34":{"start":{"line":76,"column":0},"end":{"line":76,"column":36}}},"fnMap":{"0":{"name":"(anonymous_0)","decl":{"start":{"line":4,"column":2},"end":{"line":4,"column":3}},"loc":{"start":{"line":4,"column":48},"end":{"line":11,"column":3}},"line":4},"1":{"name":"(anonymous_1)","decl":{"start":{"line":13,"column":2},"end":{"line":13,"column":3}},"loc":{"start":{"line":13,"column":47},"end":{"line":26,"column":3}},"line":13},"2":{"name":"(anonymous_2)","decl":{"start":{"line":28,"column":2},"end":{"line":28,"column":3}},"loc":{"start":{"line":28,"column":46},"end":{"line":38,"column":3}},"line":28},"3":{"name":"(anonymous_3)","decl":{"start":{"line":40,"column":2},"end":{"line":40,"column":3}},"loc":{"start":{"line":40,"column":46},"end":{"line":56,"column":3}},"line":40},"4":{"name":"(anonymous_4)","decl":{"start":{"line":58,"column":2},"end":{"line":58,"column":3}},"loc":{"start":{"line":58,"column":46},"end":{"line":73,"column":3}},"line":58}},"branchMap":{"0":{"loc":{"start":{"line":18,"column":6},"end":{"line":20,"column":7}},"type":"if","locations":[{"start":{"line":18,"column":6},"end":{"line":20,"column":7}},{"start":{},"end":{}}],"line":18},"1":{"loc":{"start":{"line":46,"column":6},"end":{"line":48,"column":7}},"type":"if","locations":[{"start":{"line":46,"column":6},"end":{"line":48,"column":7}},{"start":{},"end":{}}],"line":46},"2":{"loc":{"start":{"line":63,"column":6},"end":{"line":65,"column":7}},"type":"if","locations":[{"start":{"line":63,"column":6},"end":{"line":65,"column":7}},{"start":{},"end":{}}],"line":63}},"s":{"0":4,"1":0,"2":0,"3":0,"4":0,"5":0,"6":0,"7":0,"8":0,"9":0,"10":0,"11":0,"12":0,"13":0,"14":0,"15":0,"16":0,"17":0,"18":0,"19":0,"20":0,"21":0,"22":0,"23":0,"24":0,"25":0,"26":0,"27":0,"28":0,"29":0,"30":0,"31":0,"32":0,"33":0,"34":4},"f":{"0":0,"1":0,"2":0,"3":0,"4":0},"b":{"0":[0,0],"1":[0,0],"2":[0,0]},"_coverageSchema":"1a1c01bbd47fc00a2c39e90264f33305004495a9","hash":"d81b8f349569f86bf86890e97dbfe6397adb54ab"}
,"C:\\Users\\Dio Taufiq\\Documents\\hacktiv8\\p2-hck83\\IP-HCK83\\server\\controllers\\paymentController.js": {"path":"C:\\Users\\Dio Taufiq\\Documents\\hacktiv8\\p2-hck83\\IP-HCK83\\server\\controllers\\paymentController.js","statementMap":{"0":{"start":{"line":1,"column":15},"end":{"line":1,"column":32}},"1":{"start":{"line":2,"column":15},"end":{"line":2,"column":42}},"2":{"start":{"line":3,"column":22},"end":{"line":3,"column":42}},"3":{"start":{"line":7,"column":4},"end":{"line":77,"column":5}},"4":{"start":{"line":8,"column":6},"end":{"line":8,"column":45}},"5":{"start":{"line":9,"column":6},"end":{"line":9,"column":49}},"6":{"start":{"line":10,"column":24},"end":{"line":10,"column":32}},"7":{"start":{"line":11,"column":6},"end":{"line":11,"column":68}},"8":{"start":{"line":12,"column":21},"end":{"line":12,"column":32}},"9":{"start":{"line":15,"column":18},"end":{"line":17,"column":8}},"10":{"start":{"line":19,"column":6},"end":{"line":21,"column":7}},"11":{"start":{"line":20,"column":8},"end":{"line":20,"column":56}},"12":{"start":{"line":24,"column":33},"end":{"line":24,"column":45}},"13":{"start":{"line":25,"column":28},"end":{"line":25,"column":43}},"14":{"start":{"line":27,"column":6},"end":{"line":34,"column":7}},"15":{"start":{"line":28,"column":8},"end":{"line":33,"column":10}},"16":{"start":{"line":37,"column":6},"end":{"line":43,"column":7}},"17":{"start":{"line":39,"column":8},"end":{"line":42,"column":10}},"18":{"start":{"line":46,"column":22},"end":{"line":72,"column":8}},"19":{"start":{"line":74,"column":6},"end":{"line":74,"column":65}},"20":{"start":{"line":76,"column":6},"end":{"line":76,"column":16}},"21":{"start":{"line":81,"column":4},"end":{"line":109,"column":5}},"22":{"start":{"line":82,"column":29},"end":{"line":82,"column":38}},"23":{"start":{"line":85,"column":22},"end":{"line":85,"column":73}},"24":{"start":{"line":87,"column":32},"end":{"line":87,"column":48}},"25":{"start":{"line":90,"column":31},"end":{"line":90,"column":51}},"26":{"start":{"line":91,"column":6},"end":{"line":96,"column":9}},"27":{"start":{"line":98,"column":6},"end":{"line":106,"column":9}},"28":{"start":{"line":108,"column":6},"end":{"line":108,"column":16}},"29":{"start":{"line":113,"column":22},"end":{"line":113,"column":53}},"30":{"start":{"line":116,"column":4},"end":{"line":136,"column":5}},"31":{"start":{"line":118,"column":6},"end":{"line":122,"column":8}},"32":{"start":{"line":125,"column":6},"end":{"line":130,"column":7}},"33":{"start":{"line":126,"column":24},"end":{"line":126,"column":41}},"34":{"start":{"line":129,"column":8},"end":{"line":129,"column":64}},"35":{"start":{"line":132,"column":6},"end":{"line":132,"column":47}},"36":{"start":{"line":134,"column":6},"end":{"line":134,"column":51}},"37":{"start":{"line":135,"column":6},"end":{"line":135,"column":60}},"38":{"start":{"line":140,"column":0},"end":{"line":140,"column":35}}},"fnMap":{"0":{"name":"(anonymous_0)","decl":{"start":{"line":6,"column":2},"end":{"line":6,"column":3}},"loc":{"start":{"line":6,"column":53},"end":{"line":78,"column":3}},"line":6},"1":{"name":"(anonymous_1)","decl":{"start":{"line":80,"column":2},"end":{"line":80,"column":3}},"loc":{"start":{"line":80,"column":52},"end":{"line":110,"column":3}},"line":80},"2":{"name":"(anonymous_2)","decl":{"start":{"line":112,"column":2},"end":{"line":112,"column":3}},"loc":{"start":{"line":112,"column":52},"end":{"line":137,"column":3}},"line":112}},"branchMap":{"0":{"loc":{"start":{"line":19,"column":6},"end":{"line":21,"column":7}},"type":"if","locations":[{"start":{"line":19,"column":6},"end":{"line":21,"column":7}},{"start":{},"end":{}}],"line":19},"1":{"loc":{"start":{"line":27,"column":6},"end":{"line":34,"column":7}},"type":"if","locations":[{"start":{"line":27,"column":6},"end":{"line":34,"column":7}},{"start":{},"end":{}}],"line":27},"2":{"loc":{"start":{"line":37,"column":6},"end":{"line":43,"column":7}},"type":"if","locations":[{"start":{"line":37,"column":6},"end":{"line":43,"column":7}},{"start":{},"end":{}}],"line":37},"3":{"loc":{"start":{"line":55,"column":20},"end":{"line":58,"column":19}},"type":"binary-expr","locations":[{"start":{"line":55,"column":20},"end":{"line":55,"column":32}},{"start":{"line":56,"column":18},"end":{"line":56,"column":44}},{"start":{"line":56,"column":48},"end":{"line":58,"column":19}}],"line":55},"4":{"loc":{"start":{"line":125,"column":6},"end":{"line":130,"column":7}},"type":"if","locations":[{"start":{"line":125,"column":6},"end":{"line":130,"column":7}},{"start":{},"end":{}}],"line":125}},"s":{"0":4,"1":4,"2":4,"3":0,"4":0,"5":0,"6":0,"7":0,"8":0,"9":0,"10":0,"11":0,"12":0,"13":0,"14":0,"15":0,"16":0,"17":0,"18":0,"19":0,"20":0,"21":0,"22":0,"23":0,"24":0,"25":0,"26":0,"27":0,"28":0,"29":0,"30":0,"31":0,"32":0,"33":0,"34":0,"35":0,"36":0,"37":0,"38":4},"f":{"0":0,"1":0,"2":0},"b":{"0":[0,0],"1":[0,0],"2":[0,0],"3":[0,0,0],"4":[0,0]},"_coverageSchema":"1a1c01bbd47fc00a2c39e90264f33305004495a9","hash":"8876d42a9e9055eef7204091c482f538287f25a2"}
,"C:\\Users\\Dio Taufiq\\Documents\\hacktiv8\\p2-hck83\\IP-HCK83\\server\\controllers\\userController.js": {"path":"C:\\Users\\Dio Taufiq\\Documents\\hacktiv8\\p2-hck83\\IP-HCK83\\server\\controllers\\userController.js","statementMap":{"0":{"start":{"line":1,"column":17},"end":{"line":1,"column":37}},"1":{"start":{"line":2,"column":26},"end":{"line":2,"column":51}},"2":{"start":{"line":3,"column":15},"end":{"line":3,"column":34}},"3":{"start":{"line":4,"column":23},"end":{"line":4,"column":53}},"4":{"start":{"line":5,"column":16},"end":{"line":5,"column":36}},"5":{"start":{"line":6,"column":15},"end":{"line":6,"column":61}},"6":{"start":{"line":10,"column":4},"end":{"line":72,"column":5}},"7":{"start":{"line":11,"column":6},"end":{"line":11,"column":45}},"8":{"start":{"line":12,"column":39},"end":{"line":12,"column":47}},"9":{"start":{"line":13,"column":6},"end":{"line":13,"column":65}},"10":{"start":{"line":16,"column":28},"end":{"line":16,"column":50}},"11":{"start":{"line":18,"column":6},"end":{"line":20,"column":7}},"12":{"start":{"line":19,"column":8},"end":{"line":19,"column":73}},"13":{"start":{"line":23,"column":21},"end":{"line":26,"column":8}},"14":{"start":{"line":27,"column":22},"end":{"line":27,"column":41}},"15":{"start":{"line":30,"column":6},"end":{"line":32,"column":7}},"16":{"start":{"line":31,"column":8},"end":{"line":31,"column":81}},"17":{"start":{"line":35,"column":17},"end":{"line":35,"column":72}},"18":{"start":{"line":36,"column":6},"end":{"line":44,"column":7}},"19":{"start":{"line":38,"column":8},"end":{"line":43,"column":11}},"20":{"start":{"line":47,"column":20},"end":{"line":51,"column":8}},"21":{"start":{"line":53,"column":6},"end":{"line":61,"column":9}},"22":{"start":{"line":63,"column":6},"end":{"line":63,"column":48}},"23":{"start":{"line":65,"column":6},"end":{"line":67,"column":7}},"24":{"start":{"line":66,"column":8},"end":{"line":66,"column":96}},"25":{"start":{"line":68,"column":6},"end":{"line":70,"column":7}},"26":{"start":{"line":69,"column":8},"end":{"line":69,"column":92}},"27":{"start":{"line":71,"column":6},"end":{"line":71,"column":16}},"28":{"start":{"line":75,"column":4},"end":{"line":92,"column":5}},"29":{"start":{"line":76,"column":44},"end":{"line":76,"column":52}},"30":{"start":{"line":78,"column":19},"end":{"line":82,"column":8}},"31":{"start":{"line":84,"column":6},"end":{"line":89,"column":9}},"32":{"start":{"line":91,"column":6},"end":{"line":91,"column":16}},"33":{"start":{"line":96,"column":4},"end":{"line":137,"column":5}},"34":{"start":{"line":97,"column":34},"end":{"line":97,"column":42}},"35":{"start":{"line":100,"column":6},"end":{"line":102,"column":7}},"36":{"start":{"line":101,"column":8},"end":{"line":101,"column":74}},"37":{"start":{"line":105,"column":19},"end":{"line":105,"column":59}},"38":{"start":{"line":106,"column":6},"end":{"line":108,"column":7}},"39":{"start":{"line":107,"column":8},"end":{"line":107,"column":68}},"40":{"start":{"line":111,"column":30},"end":{"line":111,"column":73}},"41":{"start":{"line":112,"column":6},"end":{"line":114,"column":7}},"42":{"start":{"line":113,"column":8},"end":{"line":113,"column":68}},"43":{"start":{"line":117,"column":20},"end":{"line":121,"column":8}},"44":{"start":{"line":124,"column":6},"end":{"line":134,"column":9}},"45":{"start":{"line":136,"column":6},"end":{"line":136,"column":16}},"46":{"start":{"line":141,"column":0},"end":{"line":141,"column":32}}},"fnMap":{"0":{"name":"(anonymous_0)","decl":{"start":{"line":9,"column":2},"end":{"line":9,"column":3}},"loc":{"start":{"line":9,"column":43},"end":{"line":73,"column":3}},"line":9},"1":{"name":"(anonymous_1)","decl":{"start":{"line":74,"column":2},"end":{"line":74,"column":3}},"loc":{"start":{"line":74,"column":40},"end":{"line":93,"column":3}},"line":74},"2":{"name":"(anonymous_2)","decl":{"start":{"line":95,"column":2},"end":{"line":95,"column":3}},"loc":{"start":{"line":95,"column":37},"end":{"line":138,"column":3}},"line":95}},"branchMap":{"0":{"loc":{"start":{"line":16,"column":28},"end":{"line":16,"column":50}},"type":"binary-expr","locations":[{"start":{"line":16,"column":28},"end":{"line":16,"column":38}},{"start":{"line":16,"column":42},"end":{"line":16,"column":50}}],"line":16},"1":{"loc":{"start":{"line":18,"column":6},"end":{"line":20,"column":7}},"type":"if","locations":[{"start":{"line":18,"column":6},"end":{"line":20,"column":7}},{"start":{},"end":{}}],"line":18},"2":{"loc":{"start":{"line":30,"column":6},"end":{"line":32,"column":7}},"type":"if","locations":[{"start":{"line":30,"column":6},"end":{"line":32,"column":7}},{"start":{},"end":{}}],"line":30},"3":{"loc":{"start":{"line":30,"column":10},"end":{"line":30,"column":36}},"type":"binary-expr","locations":[{"start":{"line":30,"column":10},"end":{"line":30,"column":18}},{"start":{"line":30,"column":22},"end":{"line":30,"column":36}}],"line":30},"4":{"loc":{"start":{"line":36,"column":6},"end":{"line":44,"column":7}},"type":"if","locations":[{"start":{"line":36,"column":6},"end":{"line":44,"column":7}},{"start":{},"end":{}}],"line":36},"5":{"loc":{"start":{"line":39,"column":20},"end":{"line":39,"column":63}},"type":"binary-expr","locations":[{"start":{"line":39,"column":20},"end":{"line":39,"column":32}},{"start":{"line":39,"column":36},"end":{"line":39,"column":63}}],"line":39},"6":{"loc":{"start":{"line":65,"column":6},"end":{"line":67,"column":7}},"type":"if","locations":[{"start":{"line":65,"column":6},"end":{"line":67,"column":7}},{"start":{},"end":{}}],"line":65},"7":{"loc":{"start":{"line":65,"column":10},"end":{"line":65,"column":68}},"type":"binary-expr","locations":[{"start":{"line":65,"column":10},"end":{"line":65,"column":21}},{"start":{"line":65,"column":25},"end":{"line":65,"column":68}}],"line":65},"8":{"loc":{"start":{"line":68,"column":6},"end":{"line":70,"column":7}},"type":"if","locations":[{"start":{"line":68,"column":6},"end":{"line":70,"column":7}},{"start":{},"end":{}}],"line":68},"9":{"loc":{"start":{"line":68,"column":10},"end":{"line":68,"column":62}},"type":"binary-expr","locations":[{"start":{"line":68,"column":10},"end":{"line":68,"column":21}},{"start":{"line":68,"column":25},"end":{"line":68,"column":62}}],"line":68},"10":{"loc":{"start":{"line":100,"column":6},"end":{"line":102,"column":7}},"type":"if","locations":[{"start":{"line":100,"column":6},"end":{"line":102,"column":7}},{"start":{},"end":{}}],"line":100},"11":{"loc":{"start":{"line":100,"column":10},"end":{"line":100,"column":29}},"type":"binary-expr","locations":[{"start":{"line":100,"column":10},"end":{"line":100,"column":16}},{"start":{"line":100,"column":20},"end":{"line":100,"column":29}}],"line":100},"12":{"loc":{"start":{"line":106,"column":6},"end":{"line":108,"column":7}},"type":"if","locations":[{"start":{"line":106,"column":6},"end":{"line":108,"column":7}},{"start":{},"end":{}}],"line":106},"13":{"loc":{"start":{"line":112,"column":6},"end":{"line":114,"column":7}},"type":"if","locations":[{"start":{"line":112,"column":6},"end":{"line":114,"column":7}},{"start":{},"end":{}}],"line":112}},"s":{"0":4,"1":4,"2":4,"3":4,"4":4,"5":4,"6":0,"7":0,"8":0,"9":0,"10":0,"11":0,"12":0,"13":0,"14":0,"15":0,"16":0,"17":0,"18":0,"19":0,"20":0,"21":0,"22":0,"23":0,"24":0,"25":0,"26":0,"27":0,"28":4,"29":4,"30":4,"31":2,"32":2,"33":5,"34":5,"35":5,"36":2,"37":3,"38":3,"39":1,"40":2,"41":2,"42":1,"43":1,"44":1,"45":4,"46":4},"f":{"0":0,"1":4,"2":5},"b":{"0":[0,0],"1":[0,0],"2":[0,0],"3":[0,0],"4":[0,0],"5":[0,0],"6":[0,0],"7":[0,0],"8":[0,0],"9":[0,0],"10":[2,3],"11":[5,4],"12":[1,2],"13":[1,1]},"_coverageSchema":"1a1c01bbd47fc00a2c39e90264f33305004495a9","hash":"0584f32ceccf0d64d59ebe39d1a3303695ae04a4"}
,"C:\\Users\\Dio Taufiq\\Documents\\hacktiv8\\p2-hck83\\IP-HCK83\\server\\controllers\\wishlistController.js": {"path":"C:\\Users\\Dio Taufiq\\Documents\\hacktiv8\\p2-hck83\\IP-HCK83\\server\\controllers\\wishlistController.js","statementMap":{"0":{"start":{"line":1,"column":40},"end":{"line":1,"column":60}},"1":{"start":{"line":5,"column":4},"end":{"line":22,"column":5}},"2":{"start":{"line":6,"column":32},"end":{"line":6,"column":42}},"3":{"start":{"line":9,"column":27},"end":{"line":11,"column":8}},"4":{"start":{"line":13,"column":6},"end":{"line":15,"column":7}},"5":{"start":{"line":14,"column":8},"end":{"line":14,"column":66}},"6":{"start":{"line":18,"column":6},"end":{"line":18,"column":38}},"7":{"start":{"line":19,"column":6},"end":{"line":19,"column":13}},"8":{"start":{"line":21,"column":6},"end":{"line":21,"column":16}},"9":{"start":{"line":26,"column":4},"end":{"line":73,"column":5}},"10":{"start":{"line":27,"column":21},"end":{"line":27,"column":32}},"11":{"start":{"line":28,"column":24},"end":{"line":28,"column":34}},"12":{"start":{"line":31,"column":18},"end":{"line":31,"column":43}},"13":{"start":{"line":32,"column":6},"end":{"line":34,"column":7}},"14":{"start":{"line":33,"column":8},"end":{"line":33,"column":56}},"15":{"start":{"line":37,"column":27},"end":{"line":39,"column":8}},"16":{"start":{"line":41,"column":6},"end":{"line":43,"column":7}},"17":{"start":{"line":42,"column":8},"end":{"line":42,"column":66}},"18":{"start":{"line":46,"column":27},"end":{"line":49,"column":8}},"19":{"start":{"line":52,"column":29},"end":{"line":55,"column":8}},"20":{"start":{"line":57,"column":6},"end":{"line":70,"column":9}},"21":{"start":{"line":72,"column":6},"end":{"line":72,"column":16}},"22":{"start":{"line":77,"column":4},"end":{"line":94,"column":5}},"23":{"start":{"line":78,"column":21},"end":{"line":78,"column":32}},"24":{"start":{"line":81,"column":28},"end":{"line":89,"column":8}},"25":{"start":{"line":91,"column":6},"end":{"line":91,"column":42}},"26":{"start":{"line":93,"column":6},"end":{"line":93,"column":16}},"27":{"start":{"line":100,"column":4},"end":{"line":128,"column":5}},"28":{"start":{"line":101,"column":21},"end":{"line":101,"column":32}},"29":{"start":{"line":102,"column":33},"end":{"line":102,"column":43}},"30":{"start":{"line":105,"column":25},"end":{"line":107,"column":8}},"31":{"start":{"line":110,"column":6},"end":{"line":114,"column":7}},"32":{"start":{"line":111,"column":8},"end":{"line":113,"column":11}},"33":{"start":{"line":116,"column":6},"end":{"line":118,"column":7}},"34":{"start":{"line":117,"column":8},"end":{"line":117,"column":66}},"35":{"start":{"line":121,"column":6},"end":{"line":121,"column":35}},"36":{"start":{"line":123,"column":6},"end":{"line":125,"column":9}},"37":{"start":{"line":127,"column":6},"end":{"line":127,"column":16}},"38":{"start":{"line":132,"column":0},"end":{"line":132,"column":36}}},"fnMap":{"0":{"name":"(anonymous_0)","decl":{"start":{"line":4,"column":2},"end":{"line":4,"column":3}},"loc":{"start":{"line":4,"column":50},"end":{"line":23,"column":3}},"line":4},"1":{"name":"(anonymous_1)","decl":{"start":{"line":25,"column":2},"end":{"line":25,"column":3}},"loc":{"start":{"line":25,"column":45},"end":{"line":74,"column":3}},"line":25},"2":{"name":"(anonymous_2)","decl":{"start":{"line":76,"column":2},"end":{"line":76,"column":3}},"loc":{"start":{"line":76,"column":47},"end":{"line":95,"column":3}},"line":76},"3":{"name":"(anonymous_3)","decl":{"start":{"line":99,"column":2},"end":{"line":99,"column":3}},"loc":{"start":{"line":99,"column":50},"end":{"line":129,"column":3}},"line":99}},"branchMap":{"0":{"loc":{"start":{"line":13,"column":6},"end":{"line":15,"column":7}},"type":"if","locations":[{"start":{"line":13,"column":6},"end":{"line":15,"column":7}},{"start":{},"end":{}}],"line":13},"1":{"loc":{"start":{"line":32,"column":6},"end":{"line":34,"column":7}},"type":"if","locations":[{"start":{"line":32,"column":6},"end":{"line":34,"column":7}},{"start":{},"end":{}}],"line":32},"2":{"loc":{"start":{"line":41,"column":6},"end":{"line":43,"column":7}},"type":"if","locations":[{"start":{"line":41,"column":6},"end":{"line":43,"column":7}},{"start":{},"end":{}}],"line":41},"3":{"loc":{"start":{"line":110,"column":6},"end":{"line":114,"column":7}},"type":"if","locations":[{"start":{"line":110,"column":6},"end":{"line":114,"column":7}},{"start":{},"end":{}}],"line":110},"4":{"loc":{"start":{"line":116,"column":6},"end":{"line":118,"column":7}},"type":"if","locations":[{"start":{"line":116,"column":6},"end":{"line":118,"column":7}},{"start":{},"end":{}}],"line":116}},"s":{"0":4,"1":0,"2":0,"3":0,"4":0,"5":0,"6":0,"7":0,"8":0,"9":0,"10":0,"11":0,"12":0,"13":0,"14":0,"15":0,"16":0,"17":0,"18":0,"19":0,"20":0,"21":0,"22":0,"23":0,"24":0,"25":0,"26":0,"27":0,"28":0,"29":0,"30":0,"31":0,"32":0,"33":0,"34":0,"35":0,"36":0,"37":0,"38":4},"f":{"0":0,"1":0,"2":0,"3":0},"b":{"0":[0,0],"1":[0,0],"2":[0,0],"3":[0,0],"4":[0,0]},"_coverageSchema":"1a1c01bbd47fc00a2c39e90264f33305004495a9","hash":"080fcc77313916185f464d4037e56d5effe07c05"}
,"C:\\Users\\Dio Taufiq\\Documents\\hacktiv8\\p2-hck83\\IP-HCK83\\server\\helpers\\jwt.js": {"path":"C:\\Users\\Dio Taufiq\\Documents\\hacktiv8\\p2-hck83\\IP-HCK83\\server\\helpers\\jwt.js","statementMap":{"0":{"start":{"line":1,"column":12},"end":{"line":1,"column":35}},"1":{"start":{"line":3,"column":22},"end":{"line":5,"column":1}},"2":{"start":{"line":4,"column":2},"end":{"line":4,"column":73}},"3":{"start":{"line":7,"column":20},"end":{"line":9,"column":1}},"4":{"start":{"line":8,"column":2},"end":{"line":8,"column":51}},"5":{"start":{"line":11,"column":0},"end":{"line":14,"column":2}}},"fnMap":{"0":{"name":"(anonymous_0)","decl":{"start":{"line":3,"column":22},"end":{"line":3,"column":23}},"loc":{"start":{"line":3,"column":35},"end":{"line":5,"column":1}},"line":3},"1":{"name":"(anonymous_1)","decl":{"start":{"line":7,"column":20},"end":{"line":7,"column":21}},"loc":{"start":{"line":7,"column":31},"end":{"line":9,"column":1}},"line":7}},"branchMap":{},"s":{"0":4,"1":4,"2":5,"3":4,"4":0,"5":4},"f":{"0":5,"1":0},"b":{},"_coverageSchema":"1a1c01bbd47fc00a2c39e90264f33305004495a9","hash":"d214a8cf1f1435df4a5b26a476f2d3940d3f57af"}
,"C:\\Users\\Dio Taufiq\\Documents\\hacktiv8\\p2-hck83\\IP-HCK83\\server\\lib\\gemini.api.js": {"path":"C:\\Users\\Dio Taufiq\\Documents\\hacktiv8\\p2-hck83\\IP-HCK83\\server\\lib\\gemini.api.js","statementMap":{"0":{"start":{"line":1,"column":30},"end":{"line":1,"column":54}},"1":{"start":{"line":2,"column":15},"end":{"line":2,"column":32}},"2":{"start":{"line":3,"column":0},"end":{"line":3,"column":16}},"3":{"start":{"line":4,"column":11},"end":{"line":6,"column":2}},"4":{"start":{"line":9,"column":2},"end":{"line":31,"column":3}},"5":{"start":{"line":10,"column":21},"end":{"line":22,"column":6}},"6":{"start":{"line":23,"column":4},"end":{"line":23,"column":31}},"7":{"start":{"line":24,"column":4},"end":{"line":24,"column":25}},"8":{"start":{"line":26,"column":4},"end":{"line":26,"column":54}},"9":{"start":{"line":27,"column":4},"end":{"line":29,"column":5}},"10":{"start":{"line":28,"column":6},"end":{"line":28,"column":70}},"11":{"start":{"line":30,"column":4},"end":{"line":30,"column":16}},"12":{"start":{"line":33,"column":0},"end":{"line":35,"column":2}}},"fnMap":{"0":{"name":"generateContent","decl":{"start":{"line":8,"column":15},"end":{"line":8,"column":30}},"loc":{"start":{"line":8,"column":39},"end":{"line":32,"column":1}},"line":8}},"branchMap":{"0":{"loc":{"start":{"line":27,"column":4},"end":{"line":29,"column":5}},"type":"if","locations":[{"start":{"line":27,"column":4},"end":{"line":29,"column":5}},{"start":{},"end":{}}],"line":27},"1":{"loc":{"start":{"line":27,"column":8},"end":{"line":27,"column":55}},"type":"binary-expr","locations":[{"start":{"line":27,"column":8},"end":{"line":27,"column":22}},{"start":{"line":27,"column":26},"end":{"line":27,"column":55}}],"line":27}},"s":{"0":4,"1":4,"2":4,"3":4,"4":0,"5":0,"6":0,"7":0,"8":0,"9":0,"10":0,"11":0,"12":4},"f":{"0":0},"b":{"0":[0,0],"1":[0,0]},"_coverageSchema":"1a1c01bbd47fc00a2c39e90264f33305004495a9","hash":"416ce4d2b2f7e7edbf2e3b231eb0ca94e2bb39d2"}
,"C:\\Users\\Dio Taufiq\\Documents\\hacktiv8\\p2-hck83\\IP-HCK83\\server\\middlewares\\authentication.js": {"path":"C:\\Users\\Dio Taufiq\\Documents\\hacktiv8\\p2-hck83\\IP-HCK83\\server\\middlewares\\authentication.js","statementMap":{"0":{"start":{"line":1,"column":24},"end":{"line":1,"column":49}},"1":{"start":{"line":2,"column":17},"end":{"line":2,"column":37}},"2":{"start":{"line":4,"column":23},"end":{"line":34,"column":1}},"3":{"start":{"line":5,"column":2},"end":{"line":33,"column":3}},"4":{"start":{"line":7,"column":30},"end":{"line":7,"column":41}},"5":{"start":{"line":8,"column":4},"end":{"line":10,"column":5}},"6":{"start":{"line":9,"column":6},"end":{"line":9,"column":59}},"7":{"start":{"line":13,"column":18},"end":{"line":13,"column":45}},"8":{"start":{"line":14,"column":20},"end":{"line":14,"column":38}},"9":{"start":{"line":17,"column":17},"end":{"line":17,"column":48}},"10":{"start":{"line":18,"column":4},"end":{"line":20,"column":5}},"11":{"start":{"line":19,"column":6},"end":{"line":19,"column":54}},"12":{"start":{"line":23,"column":4},"end":{"line":28,"column":6}},"13":{"start":{"line":30,"column":4},"end":{"line":30,"column":11}},"14":{"start":{"line":32,"column":4},"end":{"line":32,"column":14}},"15":{"start":{"line":36,"column":0},"end":{"line":36,"column":32}}},"fnMap":{"0":{"name":"(anonymous_0)","decl":{"start":{"line":4,"column":23},"end":{"line":4,"column":24}},"loc":{"start":{"line":4,"column":49},"end":{"line":34,"column":1}},"line":4}},"branchMap":{"0":{"loc":{"start":{"line":8,"column":4},"end":{"line":10,"column":5}},"type":"if","locations":[{"start":{"line":8,"column":4},"end":{"line":10,"column":5}},{"start":{},"end":{}}],"line":8},"1":{"loc":{"start":{"line":18,"column":4},"end":{"line":20,"column":5}},"type":"if","locations":[{"start":{"line":18,"column":4},"end":{"line":20,"column":5}},{"start":{},"end":{}}],"line":18}},"s":{"0":4,"1":4,"2":4,"3":0,"4":0,"5":0,"6":0,"7":0,"8":0,"9":0,"10":0,"11":0,"12":0,"13":0,"14":0,"15":4},"f":{"0":0},"b":{"0":[0,0],"1":[0,0]},"_coverageSchema":"1a1c01bbd47fc00a2c39e90264f33305004495a9","hash":"6d8f58363eb660594c1f7525024c68ae6734043c"}
,"C:\\Users\\Dio Taufiq\\Documents\\hacktiv8\\p2-hck83\\IP-HCK83\\server\\middlewares\\authorization.js": {"path":"C:\\Users\\Dio Taufiq\\Documents\\hacktiv8\\p2-hck83\\IP-HCK83\\server\\middlewares\\authorization.js","statementMap":{"0":{"start":{"line":1,"column":17},"end":{"line":1,"column":37}},"1":{"start":{"line":3,"column":16},"end":{"line":16,"column":1}},"2":{"start":{"line":4,"column":2},"end":{"line":15,"column":3}},"3":{"start":{"line":5,"column":17},"end":{"line":5,"column":49}},"4":{"start":{"line":8,"column":4},"end":{"line":10,"column":5}},"5":{"start":{"line":9,"column":6},"end":{"line":9,"column":57}},"6":{"start":{"line":12,"column":4},"end":{"line":12,"column":11}},"7":{"start":{"line":14,"column":4},"end":{"line":14,"column":14}},"8":{"start":{"line":18,"column":0},"end":{"line":18,"column":29}}},"fnMap":{"0":{"name":"(anonymous_0)","decl":{"start":{"line":3,"column":16},"end":{"line":3,"column":17}},"loc":{"start":{"line":3,"column":42},"end":{"line":16,"column":1}},"line":3}},"branchMap":{"0":{"loc":{"start":{"line":8,"column":4},"end":{"line":10,"column":5}},"type":"if","locations":[{"start":{"line":8,"column":4},"end":{"line":10,"column":5}},{"start":{},"end":{}}],"line":8}},"s":{"0":4,"1":4,"2":0,"3":0,"4":0,"5":0,"6":0,"7":0,"8":4},"f":{"0":0},"b":{"0":[0,0]},"_coverageSchema":"1a1c01bbd47fc00a2c39e90264f33305004495a9","hash":"2ed9ad731ae689228685197b1f13ff07718b140c"}
,"C:\\Users\\Dio Taufiq\\Documents\\hacktiv8\\p2-hck83\\IP-HCK83\\server\\models\\car.js": {"path":"C:\\Users\\Dio Taufiq\\Documents\\hacktiv8\\p2-hck83\\IP-HCK83\\server\\models\\car.js","statementMap":{"0":{"start":{"line":4,"column":4},"end":{"line":4,"column":24}},"1":{"start":{"line":5,"column":0},"end":{"line":138,"column":2}},"2":{"start":{"line":8,"column":6},"end":{"line":8,"column":67}},"3":{"start":{"line":9,"column":6},"end":{"line":14,"column":9}},"4":{"start":{"line":17,"column":2},"end":{"line":136,"column":5}},"5":{"start":{"line":137,"column":2},"end":{"line":137,"column":13}}},"fnMap":{"0":{"name":"(anonymous_0)","decl":{"start":{"line":5,"column":17},"end":{"line":5,"column":18}},"loc":{"start":{"line":5,"column":43},"end":{"line":138,"column":1}},"line":5},"1":{"name":"(anonymous_1)","decl":{"start":{"line":7,"column":4},"end":{"line":7,"column":5}},"loc":{"start":{"line":7,"column":29},"end":{"line":15,"column":5}},"line":7}},"branchMap":{},"s":{"0":4,"1":4,"2":4,"3":4,"4":4,"5":4},"f":{"0":4,"1":4},"b":{},"_coverageSchema":"1a1c01bbd47fc00a2c39e90264f33305004495a9","hash":"6f011c4b34aeea125c6c127ebc910326ea6e9749"}
,"C:\\Users\\Dio Taufiq\\Documents\\hacktiv8\\p2-hck83\\IP-HCK83\\server\\models\\category.js": {"path":"C:\\Users\\Dio Taufiq\\Documents\\hacktiv8\\p2-hck83\\IP-HCK83\\server\\models\\category.js","statementMap":{"0":{"start":{"line":4,"column":4},"end":{"line":4,"column":24}},"1":{"start":{"line":5,"column":0},"end":{"line":29,"column":2}},"2":{"start":{"line":9,"column":6},"end":{"line":9,"column":65}},"3":{"start":{"line":12,"column":2},"end":{"line":27,"column":5}},"4":{"start":{"line":28,"column":2},"end":{"line":28,"column":18}}},"fnMap":{"0":{"name":"(anonymous_0)","decl":{"start":{"line":5,"column":17},"end":{"line":5,"column":18}},"loc":{"start":{"line":5,"column":43},"end":{"line":29,"column":1}},"line":5},"1":{"name":"(anonymous_1)","decl":{"start":{"line":7,"column":4},"end":{"line":7,"column":5}},"loc":{"start":{"line":7,"column":29},"end":{"line":10,"column":5}},"line":7}},"branchMap":{},"s":{"0":4,"1":4,"2":4,"3":4,"4":4},"f":{"0":4,"1":4},"b":{},"_coverageSchema":"1a1c01bbd47fc00a2c39e90264f33305004495a9","hash":"5d5a17f36978aa26d0b0e551df8e178ebefe518b"}
,"C:\\Users\\Dio Taufiq\\Documents\\hacktiv8\\p2-hck83\\IP-HCK83\\server\\models\\index.js": {"path":"C:\\Users\\Dio Taufiq\\Documents\\hacktiv8\\p2-hck83\\IP-HCK83\\server\\models\\index.js","statementMap":{"0":{"start":{"line":3,"column":11},"end":{"line":3,"column":24}},"1":{"start":{"line":4,"column":13},"end":{"line":4,"column":28}},"2":{"start":{"line":5,"column":18},"end":{"line":5,"column":38}},"3":{"start":{"line":6,"column":16},"end":{"line":6,"column":34}},"4":{"start":{"line":7,"column":17},"end":{"line":7,"column":42}},"5":{"start":{"line":8,"column":12},"end":{"line":8,"column":49}},"6":{"start":{"line":9,"column":15},"end":{"line":9,"column":65}},"7":{"start":{"line":10,"column":11},"end":{"line":10,"column":13}},"8":{"start":{"line":13,"column":0},"end":{"line":17,"column":1}},"9":{"start":{"line":14,"column":2},"end":{"line":14,"column":74}},"10":{"start":{"line":16,"column":2},"end":{"line":16,"column":87}},"11":{"start":{"line":19,"column":0},"end":{"line":32,"column":5}},"12":{"start":{"line":22,"column":4},"end":{"line":27,"column":6}},"13":{"start":{"line":30,"column":18},"end":{"line":30,"column":85}},"14":{"start":{"line":31,"column":4},"end":{"line":31,"column":27}},"15":{"start":{"line":34,"column":0},"end":{"line":38,"column":3}},"16":{"start":{"line":35,"column":2},"end":{"line":37,"column":3}},"17":{"start":{"line":36,"column":4},"end":{"line":36,"column":32}},"18":{"start":{"line":40,"column":0},"end":{"line":40,"column":25}},"19":{"start":{"line":41,"column":0},"end":{"line":41,"column":25}},"20":{"start":{"line":43,"column":0},"end":{"line":43,"column":20}}},"fnMap":{"0":{"name":"(anonymous_0)","decl":{"start":{"line":21,"column":10},"end":{"line":21,"column":11}},"loc":{"start":{"line":21,"column":18},"end":{"line":28,"column":3}},"line":21},"1":{"name":"(anonymous_1)","decl":{"start":{"line":29,"column":11},"end":{"line":29,"column":12}},"loc":{"start":{"line":29,"column":19},"end":{"line":32,"column":3}},"line":29},"2":{"name":"(anonymous_2)","decl":{"start":{"line":34,"column":24},"end":{"line":34,"column":25}},"loc":{"start":{"line":34,"column":37},"end":{"line":38,"column":1}},"line":34}},"branchMap":{"0":{"loc":{"start":{"line":8,"column":12},"end":{"line":8,"column":49}},"type":"binary-expr","locations":[{"start":{"line":8,"column":12},"end":{"line":8,"column":32}},{"start":{"line":8,"column":36},"end":{"line":8,"column":49}}],"line":8},"1":{"loc":{"start":{"line":13,"column":0},"end":{"line":17,"column":1}},"type":"if","locations":[{"start":{"line":13,"column":0},"end":{"line":17,"column":1}},{"start":{"line":15,"column":7},"end":{"line":17,"column":1}}],"line":13},"2":{"loc":{"start":{"line":23,"column":6},"end":{"line":26,"column":37}},"type":"binary-expr","locations":[{"start":{"line":23,"column":6},"end":{"line":23,"column":29}},{"start":{"line":24,"column":6},"end":{"line":24,"column":23}},{"start":{"line":25,"column":6},"end":{"line":25,"column":30}},{"start":{"line":26,"column":6},"end":{"line":26,"column":37}}],"line":23},"3":{"loc":{"start":{"line":35,"column":2},"end":{"line":37,"column":3}},"type":"if","locations":[{"start":{"line":35,"column":2},"end":{"line":37,"column":3}},{"start":{},"end":{}}],"line":35}},"s":{"0":4,"1":4,"2":4,"3":4,"4":4,"5":4,"6":4,"7":4,"8":4,"9":0,"10":4,"11":4,"12":20,"13":16,"14":16,"15":4,"16":16,"17":16,"18":4,"19":4,"20":4},"f":{"0":20,"1":16,"2":16},"b":{"0":[4,0],"1":[0,4],"2":[20,20,16,16],"3":[16,0]},"_coverageSchema":"1a1c01bbd47fc00a2c39e90264f33305004495a9","hash":"4bc2f48d4a9eb0a6c396a2589c9e123e864c7acd"}
,"C:\\Users\\Dio Taufiq\\Documents\\hacktiv8\\p2-hck83\\IP-HCK83\\server\\models\\user.js": {"path":"C:\\Users\\Dio Taufiq\\Documents\\hacktiv8\\p2-hck83\\IP-HCK83\\server\\models\\user.js","statementMap":{"0":{"start":{"line":4,"column":4},"end":{"line":4,"column":24}},"1":{"start":{"line":5,"column":15},"end":{"line":5,"column":34}},"2":{"start":{"line":7,"column":0},"end":{"line":76,"column":2}},"3":{"start":{"line":10,"column":6},"end":{"line":15,"column":9}},"4":{"start":{"line":16,"column":6},"end":{"line":16,"column":87}},"5":{"start":{"line":19,"column":2},"end":{"line":74,"column":5}},"6":{"start":{"line":70,"column":21},"end":{"line":70,"column":43}},"7":{"start":{"line":71,"column":8},"end":{"line":71,"column":61}},"8":{"start":{"line":75,"column":2},"end":{"line":75,"column":14}}},"fnMap":{"0":{"name":"(anonymous_0)","decl":{"start":{"line":7,"column":17},"end":{"line":7,"column":18}},"loc":{"start":{"line":7,"column":43},"end":{"line":76,"column":1}},"line":7},"1":{"name":"(anonymous_1)","decl":{"start":{"line":9,"column":4},"end":{"line":9,"column":5}},"loc":{"start":{"line":9,"column":29},"end":{"line":17,"column":5}},"line":9},"2":{"name":"(anonymous_2)","decl":{"start":{"line":69,"column":20},"end":{"line":69,"column":21}},"loc":{"start":{"line":69,"column":30},"end":{"line":72,"column":7}},"line":69}},"branchMap":{},"s":{"0":4,"1":4,"2":4,"3":4,"4":4,"5":4,"6":7,"7":7,"8":4},"f":{"0":4,"1":4,"2":7},"b":{},"_coverageSchema":"1a1c01bbd47fc00a2c39e90264f33305004495a9","hash":"6dd8b94eee93dff01b426a2dcfc9e7de71e9752d"}
,"C:\\Users\\Dio Taufiq\\Documents\\hacktiv8\\p2-hck83\\IP-HCK83\\server\\models\\wishlistitem.js": {"path":"C:\\Users\\Dio Taufiq\\Documents\\hacktiv8\\p2-hck83\\IP-HCK83\\server\\models\\wishlistitem.js","statementMap":{"0":{"start":{"line":2,"column":18},"end":{"line":2,"column":38}},"1":{"start":{"line":3,"column":0},"end":{"line":29,"column":2}},"2":{"start":{"line":7,"column":6},"end":{"line":7,"column":68}},"3":{"start":{"line":9,"column":6},"end":{"line":9,"column":66}},"4":{"start":{"line":12,"column":2},"end":{"line":27,"column":5}},"5":{"start":{"line":28,"column":2},"end":{"line":28,"column":22}}},"fnMap":{"0":{"name":"(anonymous_0)","decl":{"start":{"line":3,"column":17},"end":{"line":3,"column":18}},"loc":{"start":{"line":3,"column":43},"end":{"line":29,"column":1}},"line":3},"1":{"name":"(anonymous_1)","decl":{"start":{"line":5,"column":4},"end":{"line":5,"column":5}},"loc":{"start":{"line":5,"column":29},"end":{"line":10,"column":5}},"line":5}},"branchMap":{},"s":{"0":4,"1":4,"2":4,"3":4,"4":4,"5":4},"f":{"0":4,"1":4},"b":{},"_coverageSchema":"1a1c01bbd47fc00a2c39e90264f33305004495a9","hash":"0051355371e044296cad33c3a75541fa8a3f329f"}
,"C:\\Users\\Dio Taufiq\\Documents\\hacktiv8\\p2-hck83\\IP-HCK83\\server\\routes\\aiRoutes.js": {"path":"C:\\Users\\Dio Taufiq\\Documents\\hacktiv8\\p2-hck83\\IP-HCK83\\server\\routes\\aiRoutes.js","statementMap":{"0":{"start":{"line":1,"column":16},"end":{"line":1,"column":34}},"1":{"start":{"line":2,"column":15},"end":{"line":2,"column":31}},"2":{"start":{"line":3,"column":21},"end":{"line":3,"column":59}},"3":{"start":{"line":4,"column":23},"end":{"line":4,"column":63}},"4":{"start":{"line":7,"column":0},"end":{"line":7,"column":27}},"5":{"start":{"line":9,"column":0},"end":{"line":9,"column":58}},"6":{"start":{"line":11,"column":0},"end":{"line":11,"column":24}}},"fnMap":{},"branchMap":{},"s":{"0":4,"1":4,"2":4,"3":4,"4":4,"5":4,"6":4},"f":{},"b":{},"_coverageSchema":"1a1c01bbd47fc00a2c39e90264f33305004495a9","hash":"febe08570dc967e6df5ea1ff779ef17b7ecb23e9"}
,"C:\\Users\\Dio Taufiq\\Documents\\hacktiv8\\p2-hck83\\IP-HCK83\\server\\routes\\carRoutes.js": {"path":"C:\\Users\\Dio Taufiq\\Documents\\hacktiv8\\p2-hck83\\IP-HCK83\\server\\routes\\carRoutes.js","statementMap":{"0":{"start":{"line":1,"column":16},"end":{"line":1,"column":34}},"1":{"start":{"line":2,"column":15},"end":{"line":2,"column":31}},"2":{"start":{"line":3,"column":22},"end":{"line":3,"column":61}},"3":{"start":{"line":4,"column":23},"end":{"line":4,"column":63}},"4":{"start":{"line":5,"column":20},"end":{"line":5,"column":59}},"5":{"start":{"line":6,"column":15},"end":{"line":6,"column":32}},"6":{"start":{"line":7,"column":15},"end":{"line":9,"column":2}},"7":{"start":{"line":12,"column":0},"end":{"line":12,"column":42}},"8":{"start":{"line":13,"column":0},"end":{"line":13,"column":48}},"9":{"start":{"line":16,"column":0},"end":{"line":16,"column":27}},"10":{"start":{"line":17,"column":0},"end":{"line":17,"column":20}},"11":{"start":{"line":18,"column":0},"end":{"line":18,"column":42}},"12":{"start":{"line":19,"column":0},"end":{"line":19,"column":47}},"13":{"start":{"line":20,"column":0},"end":{"line":20,"column":49}},"14":{"start":{"line":21,"column":0},"end":{"line":21,"column":73}},"15":{"start":{"line":23,"column":0},"end":{"line":23,"column":24}}},"fnMap":{},"branchMap":{},"s":{"0":4,"1":4,"2":4,"3":4,"4":4,"5":4,"6":4,"7":4,"8":4,"9":4,"10":4,"11":4,"12":4,"13":4,"14":4,"15":4},"f":{},"b":{},"_coverageSchema":"1a1c01bbd47fc00a2c39e90264f33305004495a9","hash":"cee13ed550c92d9f452e2db38a52ab18d29813f3"}
,"C:\\Users\\Dio Taufiq\\Documents\\hacktiv8\\p2-hck83\\IP-HCK83\\server\\routes\\categoryRoutes.js": {"path":"C:\\Users\\Dio Taufiq\\Documents\\hacktiv8\\p2-hck83\\IP-HCK83\\server\\routes\\categoryRoutes.js","statementMap":{"0":{"start":{"line":1,"column":16},"end":{"line":1,"column":34}},"1":{"start":{"line":2,"column":15},"end":{"line":2,"column":31}},"2":{"start":{"line":3,"column":27},"end":{"line":3,"column":71}},"3":{"start":{"line":4,"column":23},"end":{"line":4,"column":63}},"4":{"start":{"line":5,"column":20},"end":{"line":5,"column":59}},"5":{"start":{"line":8,"column":0},"end":{"line":8,"column":53}},"6":{"start":{"line":9,"column":0},"end":{"line":9,"column":63}},"7":{"start":{"line":12,"column":0},"end":{"line":12,"column":27}},"8":{"start":{"line":13,"column":0},"end":{"line":13,"column":20}},"9":{"start":{"line":14,"column":0},"end":{"line":14,"column":52}},"10":{"start":{"line":15,"column":0},"end":{"line":15,"column":62}},"11":{"start":{"line":16,"column":0},"end":{"line":16,"column":65}},"12":{"start":{"line":18,"column":0},"end":{"line":18,"column":24}}},"fnMap":{},"branchMap":{},"s":{"0":4,"1":4,"2":4,"3":4,"4":4,"5":4,"6":4,"7":4,"8":4,"9":4,"10":4,"11":4,"12":4},"f":{},"b":{},"_coverageSchema":"1a1c01bbd47fc00a2c39e90264f33305004495a9","hash":"37d0eb162134ffe3bedfa23856ecc21c0e7eda0b"}
,"C:\\Users\\Dio Taufiq\\Documents\\hacktiv8\\p2-hck83\\IP-HCK83\\server\\routes\\index.js": {"path":"C:\\Users\\Dio Taufiq\\Documents\\hacktiv8\\p2-hck83\\IP-HCK83\\server\\routes\\index.js","statementMap":{"0":{"start":{"line":1,"column":16},"end":{"line":1,"column":34}},"1":{"start":{"line":2,"column":15},"end":{"line":2,"column":31}},"2":{"start":{"line":4,"column":19},"end":{"line":4,"column":42}},"3":{"start":{"line":5,"column":18},"end":{"line":5,"column":40}},"4":{"start":{"line":6,"column":23},"end":{"line":6,"column":50}},"5":{"start":{"line":7,"column":17},"end":{"line":7,"column":38}},"6":{"start":{"line":8,"column":23},"end":{"line":8,"column":49}},"7":{"start":{"line":9,"column":22},"end":{"line":9,"column":48}},"8":{"start":{"line":11,"column":0},"end":{"line":11,"column":33}},"9":{"start":{"line":12,"column":0},"end":{"line":12,"column":31}},"10":{"start":{"line":13,"column":0},"end":{"line":13,"column":42}},"11":{"start":{"line":14,"column":0},"end":{"line":14,"column":28}},"12":{"start":{"line":15,"column":0},"end":{"line":15,"column":41}},"13":{"start":{"line":16,"column":0},"end":{"line":16,"column":38}},"14":{"start":{"line":18,"column":0},"end":{"line":18,"column":24}}},"fnMap":{},"branchMap":{},"s":{"0":4,"1":4,"2":4,"3":4,"4":4,"5":4,"6":4,"7":4,"8":4,"9":4,"10":4,"11":4,"12":4,"13":4,"14":4},"f":{},"b":{},"_coverageSchema":"1a1c01bbd47fc00a2c39e90264f33305004495a9","hash":"53f9debba551e5780aa9b15bc3ab74c1818d71b5"}
,"C:\\Users\\Dio Taufiq\\Documents\\hacktiv8\\p2-hck83\\IP-HCK83\\server\\routes\\paymentRoutes.js": {"path":"C:\\Users\\Dio Taufiq\\Documents\\hacktiv8\\p2-hck83\\IP-HCK83\\server\\routes\\paymentRoutes.js","statementMap":{"0":{"start":{"line":1,"column":16},"end":{"line":1,"column":34}},"1":{"start":{"line":2,"column":15},"end":{"line":2,"column":31}},"2":{"start":{"line":3,"column":26},"end":{"line":3,"column":69}},"3":{"start":{"line":4,"column":23},"end":{"line":4,"column":63}},"4":{"start":{"line":7,"column":0},"end":{"line":7,"column":27}},"5":{"start":{"line":10,"column":0},"end":{"line":10,"column":81}},"6":{"start":{"line":13,"column":0},"end":{"line":13,"column":63}},"7":{"start":{"line":16,"column":0},"end":{"line":18,"column":3}},"8":{"start":{"line":17,"column":2},"end":{"line":17,"column":56}},"9":{"start":{"line":21,"column":0},"end":{"line":25,"column":2}},"10":{"start":{"line":27,"column":0},"end":{"line":27,"column":24}}},"fnMap":{"0":{"name":"(anonymous_0)","decl":{"start":{"line":16,"column":22},"end":{"line":16,"column":23}},"loc":{"start":{"line":16,"column":36},"end":{"line":18,"column":1}},"line":16}},"branchMap":{},"s":{"0":4,"1":4,"2":4,"3":4,"4":4,"5":4,"6":4,"7":4,"8":0,"9":4,"10":4},"f":{"0":0},"b":{},"_coverageSchema":"1a1c01bbd47fc00a2c39e90264f33305004495a9","hash":"3cf495ce1fecb702b62d9ba296a186750ade011e"}
,"C:\\Users\\Dio Taufiq\\Documents\\hacktiv8\\p2-hck83\\IP-HCK83\\server\\routes\\userRoutes.js": {"path":"C:\\Users\\Dio Taufiq\\Documents\\hacktiv8\\p2-hck83\\IP-HCK83\\server\\routes\\userRoutes.js","statementMap":{"0":{"start":{"line":1,"column":16},"end":{"line":1,"column":34}},"1":{"start":{"line":2,"column":15},"end":{"line":2,"column":31}},"2":{"start":{"line":3,"column":23},"end":{"line":3,"column":63}},"3":{"start":{"line":5,"column":0},"end":{"line":5,"column":50}},"4":{"start":{"line":6,"column":0},"end":{"line":6,"column":44}},"5":{"start":{"line":7,"column":0},"end":{"line":7,"column":57}},"6":{"start":{"line":9,"column":0},"end":{"line":9,"column":24}}},"fnMap":{},"branchMap":{},"s":{"0":4,"1":4,"2":4,"3":4,"4":4,"5":4,"6":4},"f":{},"b":{},"_coverageSchema":"1a1c01bbd47fc00a2c39e90264f33305004495a9","hash":"d460eced40e7ba08cea7b383d077a3cb7179a57e"}
,"C:\\Users\\Dio Taufiq\\Documents\\hacktiv8\\p2-hck83\\IP-HCK83\\server\\routes\\wishlistRoute.js": {"path":"C:\\Users\\Dio Taufiq\\Documents\\hacktiv8\\p2-hck83\\IP-HCK83\\server\\routes\\wishlistRoute.js","statementMap":{"0":{"start":{"line":1,"column":16},"end":{"line":1,"column":34}},"1":{"start":{"line":2,"column":15},"end":{"line":2,"column":31}},"2":{"start":{"line":3,"column":27},"end":{"line":3,"column":71}},"3":{"start":{"line":4,"column":23},"end":{"line":4,"column":63}},"4":{"start":{"line":6,"column":0},"end":{"line":6,"column":27}},"5":{"start":{"line":9,"column":0},"end":{"line":9,"column":52}},"6":{"start":{"line":12,"column":0},"end":{"line":12,"column":57}},"7":{"start":{"line":15,"column":0},"end":{"line":15,"column":69}},"8":{"start":{"line":18,"column":0},"end":{"line":18,"column":73}},"9":{"start":{"line":20,"column":0},"end":{"line":20,"column":24}}},"fnMap":{},"branchMap":{},"s":{"0":4,"1":4,"2":4,"3":4,"4":4,"5":4,"6":4,"7":4,"8":4,"9":4},"f":{},"b":{},"_coverageSchema":"1a1c01bbd47fc00a2c39e90264f33305004495a9","hash":"7e7697b1f46c6c8612fed64192e7084a412fe716"}
}
